<?xml version="1.0" encoding="UTF-8"?>
<testsuite name="com.IoT.IoT.IoTApplicationTests" tests="1" skipped="0" failures="0" errors="0" timestamp="2019-03-06T21:45:58" hostname="home" time="0.248">
  <properties/>
  <testcase name="contextLoads" classname="com.IoT.IoT.IoTApplicationTests" time="0.248"/>
  <system-out><![CDATA[16:45:55.771 [Test worker] DEBUG org.springframework.test.context.junit4.SpringJUnit4ClassRunner - SpringJUnit4ClassRunner constructor called with [class com.IoT.IoT.IoTApplicationTests]
16:45:55.780 [Test worker] DEBUG org.springframework.test.context.BootstrapUtils - Instantiating CacheAwareContextLoaderDelegate from class [org.springframework.test.context.cache.DefaultCacheAwareContextLoaderDelegate]
16:45:55.788 [Test worker] DEBUG org.springframework.test.context.BootstrapUtils - Instantiating BootstrapContext using constructor [public org.springframework.test.context.support.DefaultBootstrapContext(java.lang.Class,org.springframework.test.context.CacheAwareContextLoaderDelegate)]
16:45:55.806 [Test worker] DEBUG org.springframework.test.context.BootstrapUtils - Instantiating TestContextBootstrapper for test class [com.IoT.IoT.IoTApplicationTests] from class [org.springframework.boot.test.context.SpringBootTestContextBootstrapper]
16:45:55.816 [Test worker] INFO org.springframework.boot.test.context.SpringBootTestContextBootstrapper - Neither @ContextConfiguration nor @ContextHierarchy found for test class [com.IoT.IoT.IoTApplicationTests], using SpringBootContextLoader
16:45:55.819 [Test worker] DEBUG org.springframework.test.context.support.AbstractContextLoader - Did not detect default resource location for test class [com.IoT.IoT.IoTApplicationTests]: class path resource [com/IoT/IoT/IoTApplicationTests-context.xml] does not exist
16:45:55.820 [Test worker] DEBUG org.springframework.test.context.support.AbstractContextLoader - Did not detect default resource location for test class [com.IoT.IoT.IoTApplicationTests]: class path resource [com/IoT/IoT/IoTApplicationTestsContext.groovy] does not exist
16:45:55.820 [Test worker] INFO org.springframework.test.context.support.AbstractContextLoader - Could not detect default resource locations for test class [com.IoT.IoT.IoTApplicationTests]: no resource found for suffixes {-context.xml, Context.groovy}.
16:45:55.821 [Test worker] INFO org.springframework.test.context.support.AnnotationConfigContextLoaderUtils - Could not detect default configuration classes for test class [com.IoT.IoT.IoTApplicationTests]: IoTApplicationTests does not declare any static, non-private, non-final, nested classes annotated with @Configuration.
16:45:55.879 [Test worker] DEBUG org.springframework.test.context.support.ActiveProfilesUtils - Could not find an 'annotation declaring class' for annotation type [org.springframework.test.context.ActiveProfiles] and class [com.IoT.IoT.IoTApplicationTests]
16:45:55.952 [Test worker] DEBUG org.springframework.context.annotation.ClassPathScanningCandidateComponentProvider - Identified candidate component class: file [/home/home/IoT-spring/build/classes/java/main/com/IoT/IoT/IoTApplication.class]
16:45:55.953 [Test worker] INFO org.springframework.boot.test.context.SpringBootTestContextBootstrapper - Found @SpringBootConfiguration com.IoT.IoT.IoTApplication for test class com.IoT.IoT.IoTApplicationTests
16:45:56.028 [Test worker] DEBUG org.springframework.boot.test.context.SpringBootTestContextBootstrapper - @TestExecutionListeners is not present for class [com.IoT.IoT.IoTApplicationTests]: using defaults.
16:45:56.029 [Test worker] INFO org.springframework.boot.test.context.SpringBootTestContextBootstrapper - Loaded default TestExecutionListener class names from location [META-INF/spring.factories]: [org.springframework.boot.test.autoconfigure.restdocs.RestDocsTestExecutionListener, org.springframework.boot.test.autoconfigure.web.client.MockRestServiceServerResetTestExecutionListener, org.springframework.boot.test.autoconfigure.web.servlet.MockMvcPrintOnlyOnFailureTestExecutionListener, org.springframework.boot.test.autoconfigure.web.servlet.WebDriverTestExecutionListener, org.springframework.boot.test.mock.mockito.MockitoTestExecutionListener, org.springframework.boot.test.mock.mockito.ResetMocksTestExecutionListener, org.springframework.test.context.web.ServletTestExecutionListener, org.springframework.test.context.support.DirtiesContextBeforeModesTestExecutionListener, org.springframework.test.context.support.DependencyInjectionTestExecutionListener, org.springframework.test.context.support.DirtiesContextTestExecutionListener, org.springframework.test.context.transaction.TransactionalTestExecutionListener, org.springframework.test.context.jdbc.SqlScriptsTestExecutionListener]
16:45:56.038 [Test worker] DEBUG org.springframework.boot.test.context.SpringBootTestContextBootstrapper - Skipping candidate TestExecutionListener [org.springframework.test.context.transaction.TransactionalTestExecutionListener] due to a missing dependency. Specify custom listener classes or make the default listener classes and their required dependencies available. Offending class: [org/springframework/transaction/interceptor/TransactionAttributeSource]
16:45:56.039 [Test worker] DEBUG org.springframework.boot.test.context.SpringBootTestContextBootstrapper - Skipping candidate TestExecutionListener [org.springframework.test.context.jdbc.SqlScriptsTestExecutionListener] due to a missing dependency. Specify custom listener classes or make the default listener classes and their required dependencies available. Offending class: [org/springframework/transaction/interceptor/TransactionAttribute]
16:45:56.039 [Test worker] INFO org.springframework.boot.test.context.SpringBootTestContextBootstrapper - Using TestExecutionListeners: [org.springframework.test.context.web.ServletTestExecutionListener@1d6428b9, org.springframework.test.context.support.DirtiesContextBeforeModesTestExecutionListener@49981a4d, org.springframework.boot.test.mock.mockito.MockitoTestExecutionListener@35d5583d, org.springframework.boot.test.autoconfigure.SpringBootDependencyInjectionTestExecutionListener@754184c3, org.springframework.test.context.support.DirtiesContextTestExecutionListener@495c5b32, org.springframework.boot.test.autoconfigure.restdocs.RestDocsTestExecutionListener@409f7a26, org.springframework.boot.test.autoconfigure.web.client.MockRestServiceServerResetTestExecutionListener@5f94d6b8, org.springframework.boot.test.autoconfigure.web.servlet.MockMvcPrintOnlyOnFailureTestExecutionListener@260a2615, org.springframework.boot.test.autoconfigure.web.servlet.WebDriverTestExecutionListener@da47c2d, org.springframework.boot.test.mock.mockito.ResetMocksTestExecutionListener@365169f5]
16:45:56.041 [Test worker] DEBUG org.springframework.test.annotation.ProfileValueUtils - Retrieved @ProfileValueSourceConfiguration [null] for test class [com.IoT.IoT.IoTApplicationTests]
16:45:56.042 [Test worker] DEBUG org.springframework.test.annotation.ProfileValueUtils - Retrieved ProfileValueSource type [class org.springframework.test.annotation.SystemProfileValueSource] for class [com.IoT.IoT.IoTApplicationTests]
16:45:56.043 [Test worker] DEBUG org.springframework.test.annotation.ProfileValueUtils - Retrieved @ProfileValueSourceConfiguration [null] for test class [com.IoT.IoT.IoTApplicationTests]
16:45:56.043 [Test worker] DEBUG org.springframework.test.annotation.ProfileValueUtils - Retrieved ProfileValueSource type [class org.springframework.test.annotation.SystemProfileValueSource] for class [com.IoT.IoT.IoTApplicationTests]
16:45:56.048 [Test worker] DEBUG org.springframework.test.context.support.AbstractDirtiesContextTestExecutionListener - Before test class: context [DefaultTestContext@41b1c296 testClass = IoTApplicationTests, testInstance = [null], testMethod = [null], testException = [null], mergedContextConfiguration = [WebMergedContextConfiguration@601966bc testClass = IoTApplicationTests, locations = '{}', classes = '{class com.IoT.IoT.IoTApplication}', contextInitializerClasses = '[]', activeProfiles = '{}', propertySourceLocations = '{}', propertySourceProperties = '{org.springframework.boot.test.context.SpringBootTestContextBootstrapper=true}', contextCustomizers = set[org.springframework.boot.test.autoconfigure.properties.PropertyMappingContextCustomizer@0, org.springframework.boot.test.autoconfigure.web.servlet.WebDriverContextCustomizerFactory$Customizer@50eadcb6, org.springframework.boot.test.context.filter.ExcludeFilterContextCustomizer@36b30cf2, org.springframework.boot.test.json.DuplicateJsonObjectContextCustomizerFactory$DuplicateJsonObjectContextCustomizer@3d071d15, org.springframework.boot.test.mock.mockito.MockitoContextCustomizer@0, org.springframework.boot.test.web.client.TestRestTemplateContextCustomizer@52bb3060], resourceBasePath = 'src/main/webapp', contextLoader = 'org.springframework.boot.test.context.SpringBootContextLoader', parent = [null]], attributes = map['org.springframework.test.context.web.ServletTestExecutionListener.activateListener' -> true]], class annotated with @DirtiesContext [false] with mode [null].
16:45:56.049 [Test worker] DEBUG org.springframework.test.annotation.ProfileValueUtils - Retrieved @ProfileValueSourceConfiguration [null] for test class [com.IoT.IoT.IoTApplicationTests]
16:45:56.049 [Test worker] DEBUG org.springframework.test.annotation.ProfileValueUtils - Retrieved ProfileValueSource type [class org.springframework.test.annotation.SystemProfileValueSource] for class [com.IoT.IoT.IoTApplicationTests]
16:45:56.066 [Test worker] DEBUG org.springframework.test.context.support.TestPropertySourceUtils - Adding inlined properties to environment: {spring.jmx.enabled=false, org.springframework.boot.test.context.SpringBootTestContextBootstrapper=true, server.port=-1}

  .   ____          _            __ _ _
 /\\ / ___'_ __ _ _(_)_ __  __ _ \ \ \ \
( ( )\___ | '_ | '_| | '_ \/ _` | \ \ \ \
 \\/  ___)| |_)| | | | | || (_| |  ) ) ) )
  '  |____| .__|_| |_|_| |_\__, | / / / /
 =========|_|==============|___/=/_/_/_/
 :: Spring Boot ::        (v2.1.3.RELEASE)

2019-03-06 16:45:56.339  INFO 14221 --- [    Test worker] com.IoT.IoT.IoTApplicationTests          : Starting IoTApplicationTests on home with PID 14221 (started by home in /home/home/IoT-spring)
2019-03-06 16:45:56.341  INFO 14221 --- [    Test worker] com.IoT.IoT.IoTApplicationTests          : No active profile set, falling back to default profiles: default
2019-03-06 16:45:57.705  INFO 14221 --- [    Test worker] o.s.s.concurrent.ThreadPoolTaskExecutor  : Initializing ExecutorService 'applicationTaskExecutor'
2019-03-06 16:45:57.996  INFO 14221 --- [    Test worker] com.IoT.IoT.IoTApplicationTests          : Started IoTApplicationTests in 1.921 seconds (JVM running for 2.807)
]]></system-out>
  <system-err><![CDATA[]]></system-err>
</testsuite>
